Buildfile: /home/zecarlos/Desktop/Mubaraka/repo/49_diebierse/build.xml

prepare:
    [mkdir] Created dir: /home/zecarlos/Desktop/Mubaraka/repo/49_diebierse/build

compile:
    [mkdir] Created dir: /home/zecarlos/Desktop/Mubaraka/repo/49_diebierse/build/classes
    [javac] /home/zecarlos/Desktop/Mubaraka/repo/49_diebierse/build.xml:82: warning: 'includeantruntime' was not set, defaulting to build.sysclasspath=last; set to false for repeatable builds
    [javac] Compiling 20 source files to /home/zecarlos/Desktop/Mubaraka/repo/49_diebierse/build/classes
    [javac] warning: [options] bootstrap class path not set in conjunction with -source 1.6
    [javac] Note: Some input files use unchecked or unsafe operations.
    [javac] Note: Recompile with -Xlint:unchecked for details.
    [javac] 1 warning
     [copy] Copying 6 files to /home/zecarlos/Desktop/Mubaraka/repo/49_diebierse/build/classes

BUILD SUCCESSFUL
Total time: 2 seconds
Buildfile: /home/zecarlos/Desktop/Mubaraka/repo/49_diebierse/build.xml

prepare:

compile:
    [javac] /home/zecarlos/Desktop/Mubaraka/repo/49_diebierse/build.xml:82: warning: 'includeantruntime' was not set, defaulting to build.sysclasspath=last; set to false for repeatable builds

compile-evosuite:
    [mkdir] Created dir: /home/zecarlos/Desktop/Mubaraka/repo/49_diebierse/build/evosuite
    [javac] /home/zecarlos/Desktop/Mubaraka/repo/49_diebierse/build.xml:129: warning: 'includeantruntime' was not set, defaulting to build.sysclasspath=last; set to false for repeatable builds
    [javac] Compiling 14 source files to /home/zecarlos/Desktop/Mubaraka/repo/49_diebierse/build/evosuite
    [javac] warning: [options] bootstrap class path not set in conjunction with -source 1.6
    [javac] 1 warning

BUILD SUCCESSFUL
Total time: 1 second
