Buildfile: /home/zecarlos/Desktop/Mubaraka/repo/36_schemaspy/build.xml

prepare:
    [mkdir] Created dir: /home/zecarlos/Desktop/Mubaraka/repo/36_schemaspy/build

compile:
    [mkdir] Created dir: /home/zecarlos/Desktop/Mubaraka/repo/36_schemaspy/build/classes
    [javac] /home/zecarlos/Desktop/Mubaraka/repo/36_schemaspy/build.xml:82: warning: 'includeantruntime' was not set, defaulting to build.sysclasspath=last; set to false for repeatable builds
    [javac] Compiling 72 source files to /home/zecarlos/Desktop/Mubaraka/repo/36_schemaspy/build/classes
    [javac] warning: [options] bootstrap class path not set in conjunction with -source 1.6
    [javac] Note: /home/zecarlos/Desktop/Mubaraka/repo/36_schemaspy/src/main/java/net/sourceforge/schemaspy/ui/DbConfigPanel.java uses unchecked or unsafe operations.
    [javac] Note: Recompile with -Xlint:unchecked for details.
    [javac] 1 warning
     [copy] Copying 33 files to /home/zecarlos/Desktop/Mubaraka/repo/36_schemaspy/build/classes

BUILD SUCCESSFUL
Total time: 4 seconds
Buildfile: /home/zecarlos/Desktop/Mubaraka/repo/36_schemaspy/build.xml

prepare:

compile:
    [javac] /home/zecarlos/Desktop/Mubaraka/repo/36_schemaspy/build.xml:82: warning: 'includeantruntime' was not set, defaulting to build.sysclasspath=last; set to false for repeatable builds

compile-evosuite:
    [mkdir] Created dir: /home/zecarlos/Desktop/Mubaraka/repo/36_schemaspy/build/evosuite
    [javac] /home/zecarlos/Desktop/Mubaraka/repo/36_schemaspy/build.xml:129: warning: 'includeantruntime' was not set, defaulting to build.sysclasspath=last; set to false for repeatable builds
    [javac] Compiling 62 source files to /home/zecarlos/Desktop/Mubaraka/repo/36_schemaspy/build/evosuite
    [javac] warning: [options] bootstrap class path not set in conjunction with -source 1.6
    [javac] 1 warning

BUILD SUCCESSFUL
Total time: 2 seconds
